# JRE version: Java(TM) SE Runtime Environment (8.0_73-b02) (build 1.8.0_73-b02)
# Java VM: Java HotSpot(TM) 64-Bit Server VM (25.73-b02 mixed mode windows-amd64 compressed oops)
Heap:
 PSYoungGen      total 258048K, used 47834K [0x000000076b380000, 0x000000077e580000, 0x00000007c0000000)
  eden space 240640K, 19% used [0x000000076b380000,0x000000076e236a38,0x0000000779e80000)
  from space 17408K, 0% used [0x000000077af00000,0x000000077af00000,0x000000077c000000)
  to   space 16896K, 0% used [0x0000000779e80000,0x0000000779e80000,0x000000077af00000)
 ParOldGen       total 211456K, used 19304K [0x00000006c1a00000, 0x00000006ce880000, 0x000000076b380000)
  object space 211456K, 9% used [0x00000006c1a00000,0x00000006c2cda008,0x00000006ce880000)
 Metaspace       used 58335K, capacity 61834K, committed 62128K, reserved 1103872K
  class space    used 7968K, capacity 8563K, committed 8624K, reserved 1048576K
GC Heap History (10 events):
Event: 5.800 GC heap before
{Heap before GC invocations=9 (full 2):
 PSYoungGen      total 143872K, used 6590K [0x000000076b380000, 0x0000000778a80000, 0x00000007c0000000)
  eden space 131584K, 0% used [0x000000076b380000,0x000000076b380000,0x0000000773400000)
  from space 12288K, 53% used [0x0000000773400000,0x0000000773a6f9a8,0x0000000774000000)
  to   space 11776K, 0% used [0x0000000777f00000,0x0000000777f00000,0x0000000778a80000)
 ParOldGen       total 112640K, used 7739K [0x00000006c1a00000, 0x00000006c8800000, 0x000000076b380000)
  object space 112640K, 6% used [0x00000006c1a00000,0x00000006c218ec10,0x00000006c8800000)
 Metaspace       used 33442K, capacity 35368K, committed 35496K, reserved 1081344K
  class space    used 4309K, capacity 4645K, committed 4656K, reserved 1048576K
Event: 5.864 GC heap after
Heap after GC invocations=9 (full 2):
 PSYoungGen      total 143872K, used 0K [0x000000076b380000, 0x0000000778a80000, 0x00000007c0000000)
  eden space 131584K, 0% used [0x000000076b380000,0x000000076b380000,0x0000000773400000)
  from space 12288K, 0% used [0x0000000773400000,0x0000000773400000,0x0000000774000000)
  to   space 11776K, 0% used [0x0000000777f00000,0x0000000777f00000,0x0000000778a80000)
 ParOldGen       total 168960K, used 10991K [0x00000006c1a00000, 0x00000006cbf00000, 0x000000076b380000)
  object space 168960K, 6% used [0x00000006c1a00000,0x00000006c24bbef8,0x00000006cbf00000)
 Metaspace       used 33442K, capacity 35368K, committed 35496K, reserved 1081344K
  class space    used 4309K, capacity 4645K, committed 4656K, reserved 1048576K
}
Event: 7.644 GC heap before
{Heap before GC invocations=10 (full 2):
 PSYoungGen      total 143872K, used 131584K [0x000000076b380000, 0x0000000778a80000, 0x00000007c0000000)
  eden space 131584K, 100% used [0x000000076b380000,0x0000000773400000,0x0000000773400000)
  from space 12288K, 0% used [0x0000000773400000,0x0000000773400000,0x0000000774000000)
  to   space 11776K, 0% used [0x0000000777f00000,0x0000000777f00000,0x0000000778a80000)
 ParOldGen       total 168960K, used 10991K [0x00000006c1a00000, 0x00000006cbf00000, 0x000000076b380000)
  object space 168960K, 6% used [0x00000006c1a00000,0x00000006c24bbef8,0x00000006cbf00000)
 Metaspace       used 43087K, capacity 45382K, committed 45616K, reserved 1089536K
  class space    used 5772K, capacity 6189K, committed 6192K, reserved 1048576K
Event: 7.659 GC heap after
Heap after GC invocations=10 (full 2):
 PSYoungGen      total 203264K, used 11451K [0x000000076b380000, 0x0000000778a80000, 0x00000007c0000000)
  eden space 191488K, 0% used [0x000000076b380000,0x000000076b380000,0x0000000776e80000)
  from space 11776K, 97% used [0x0000000777f00000,0x0000000778a2ee58,0x0000000778a80000)
  to   space 13312K, 0% used [0x0000000777080000,0x0000000777080000,0x0000000777d80000)
 ParOldGen       total 168960K, used 10999K [0x00000006c1a00000, 0x00000006cbf00000, 0x000000076b380000)
  object space 168960K, 6% used [0x00000006c1a00000,0x00000006c24bdef8,0x00000006cbf00000)
 Metaspace       used 43087K, capacity 45382K, committed 45616K, reserved 1089536K
  class space    used 5772K, capacity 6189K, committed 6192K, reserved 1048576K
}
Event: 10.459 GC heap before
{Heap before GC invocations=11 (full 2):
 PSYoungGen      total 203264K, used 202939K [0x000000076b380000, 0x0000000778a80000, 0x00000007c0000000)
  eden space 191488K, 100% used [0x000000076b380000,0x0000000776e80000,0x0000000776e80000)
  from space 11776K, 97% used [0x0000000777f00000,0x0000000778a2ee58,0x0000000778a80000)
  to   space 13312K, 0% used [0x0000000777080000,0x0000000777080000,0x0000000777d80000)
 ParOldGen       total 168960K, used 10999K [0x00000006c1a00000, 0x00000006cbf00000, 0x000000076b380000)
  object space 168960K, 6% used [0x00000006c1a00000,0x00000006c24bdef8,0x00000006cbf00000)
 Metaspace       used 55626K, capacity 58916K, committed 59160K, reserved 1099776K
  class space    used 7589K, capacity 8116K, committed 8240K, reserved 1048576K
Event: 10.481 GC heap after
Heap after GC invocations=11 (full 2):
 PSYoungGen      total 206848K, used 13294K [0x000000076b380000, 0x000000077c000000, 0x00000007c0000000)
  eden space 193536K, 0% used [0x000000076b380000,0x000000076b380000,0x0000000777080000)
  from space 13312K, 99% used [0x0000000777080000,0x0000000777d7b8d8,0x0000000777d80000)
  to   space 17408K, 0% used [0x000000077af00000,0x000000077af00000,0x000000077c000000)
 ParOldGen       total 168960K, used 16931K [0x00000006c1a00000, 0x00000006cbf00000, 0x000000076b380000)
  object space 168960K, 10% used [0x00000006c1a00000,0x00000006c2a88dc0,0x00000006cbf00000)
 Metaspace       used 55626K, capacity 58916K, committed 59160K, reserved 1099776K
  class space    used 7589K, capacity 8116K, committed 8240K, reserved 1048576K
}
Event: 10.522 GC heap before
{Heap before GC invocations=12 (full 2):
 PSYoungGen      total 206848K, used 16898K [0x000000076b380000, 0x000000077c000000, 0x00000007c0000000)
  eden space 193536K, 1% used [0x000000076b380000,0x000000076b704fb8,0x0000000777080000)
  from space 13312K, 99% used [0x0000000777080000,0x0000000777d7b8d8,0x0000000777d80000)
  to   space 17408K, 0% used [0x000000077af00000,0x000000077af00000,0x000000077c000000)
 ParOldGen       total 168960K, used 16931K [0x00000006c1a00000, 0x00000006cbf00000, 0x000000076b380000)
  object space 168960K, 10% used [0x00000006c1a00000,0x00000006c2a88dc0,0x00000006cbf00000)
 Metaspace       used 55801K, capacity 59050K, committed 59160K, reserved 1099776K
  class space    used 7612K, capacity 8161K, committed 8240K, reserved 1048576K
Event: 10.531 GC heap after
Heap after GC invocations=12 (full 2):
 PSYoungGen      total 258048K, used 9494K [0x000000076b380000, 0x000000077e580000, 0x00000007c0000000)
  eden space 240640K, 0% used [0x000000076b380000,0x000000076b380000,0x0000000779e80000)
  from space 17408K, 54% used [0x000000077af00000,0x000000077b8459d0,0x000000077c000000)
  to   space 16896K, 0% used [0x0000000779e80000,0x0000000779e80000,0x000000077af00000)
 ParOldGen       total 168960K, used 16939K [0x00000006c1a00000, 0x00000006cbf00000, 0x000000076b380000)
  object space 168960K, 10% used [0x00000006c1a00000,0x00000006c2a8adc0,0x00000006cbf00000)
 Metaspace       used 55801K, capacity 59050K, committed 59160K, reserved 1099776K
  class space    used 7612K, capacity 8161K, committed 8240K, reserved 1048576K
}
Event: 10.531 GC heap before
{Heap before GC invocations=13 (full 3):
 PSYoungGen      total 258048K, used 9494K [0x000000076b380000, 0x000000077e580000, 0x00000007c0000000)
  eden space 240640K, 0% used [0x000000076b380000,0x000000076b380000,0x0000000779e80000)
  from space 17408K, 54% used [0x000000077af00000,0x000000077b8459d0,0x000000077c000000)
  to   space 16896K, 0% used [0x0000000779e80000,0x0000000779e80000,0x000000077af00000)
 ParOldGen       total 168960K, used 16939K [0x00000006c1a00000, 0x00000006cbf00000, 0x000000076b380000)
  object space 168960K, 10% used [0x00000006c1a00000,0x00000006c2a8adc0,0x00000006cbf00000)
 Metaspace       used 55801K, capacity 59050K, committed 59160K, reserved 1099776K
  class space    used 7612K, capacity 8161K, committed 8240K, reserved 1048576K
Event: 10.741 GC heap after
Heap after GC invocations=13 (full 3):
 PSYoungGen      total 258048K, used 0K [0x000000076b380000, 0x000000077e580000, 0x00000007c0000000)
  eden space 240640K, 0% used [0x000000076b380000,0x000000076b380000,0x0000000779e80000)
  from space 17408K, 0% used [0x000000077af00000,0x000000077af00000,0x000000077c000000)
  to   space 16896K, 0% used [0x0000000779e80000,0x0000000779e80000,0x000000077af00000)
 ParOldGen       total 211456K, used 19304K [0x00000006c1a00000, 0x00000006ce880000, 0x000000076b380000)
  object space 211456K, 9% used [0x00000006c1a00000,0x00000006c2cda008,0x00000006ce880000)
 Metaspace       used 55801K, capacity 59050K, committed 59160K, reserved 1099776K
  class space    used 7612K, capacity 8161K, committed 8240K, reserved 1048576K
}

